#
# There is insufficient memory for the Java Runtime Environment to continue.
# Native memory allocation (malloc) failed to allocate 1881936 bytes for Chunk::new
# Possible reasons:
#   The system is out of physical RAM or swap space
#   In 32 bit mode, the process size limit was hit
# Possible solutions:
#   Reduce memory load on the system
#   Increase physical memory or swap space
#   Check if swap backing store is full
#   Use 64 bit Java on a 64 bit OS
#   Decrease Java heap size (-Xmx/-Xms)
#   Decrease number of Java threads
#   Decrease Java thread stack sizes (-Xss)
#   Set larger code cache with -XX:ReservedCodeCacheSize=
# This output file may be truncated or incomplete.
#
#  Out of Memory Error (allocation.cpp:390), pid=13212, tid=0x0000000000002f28
#
# JRE version: OpenJDK Runtime Environment (8.0_152-b02) (build 1.8.0_152-release-1024-b02)
# Java VM: OpenJDK 64-Bit Server VM (25.152-b02 mixed mode windows-amd64 compressed oops)
# Failed to write core dump. Minidumps are not enabled by default on client versions of Windows
#

---------------  T H R E A D  ---------------

Current thread (0x000000001652e000):  JavaThread "C2 CompilerThread1" daemon [_thread_in_native, id=12072, stack(0x00000000185f0000,0x00000000186f0000)]

Stack: [0x00000000185f0000,0x00000000186f0000]
[error occurred during error reporting (printing stack bounds), id 0xc0000005]

Native frames: (J=compiled Java code, j=interpreted, Vv=VM code, C=native code)


Current CompileTask:
C2: 324831 14058       4       org.objectweb.asm.ClassReader::readField (654 bytes)


---------------  P R O C E S S  ---------------

Java Threads: ( => current thread )
  0x000000001d27d000 JavaThread "Cache worker for Java compile cache (C:\Users\User\Desktop\lab10\.gradle\4.4\javaCompile)" [_thread_blocked, id=8188, stack(0x000000002f280000,0x000000002f380000)]
  0x000000001d278800 JavaThread "Task worker for ':' Thread 5" [_thread_blocked, id=12280, stack(0x000000002de80000,0x000000002df80000)]
  0x000000001dc22000 JavaThread "Task worker for ':' Thread 4" [_thread_blocked, id=11488, stack(0x000000002dd80000,0x000000002de80000)]
  0x000000001dc25800 JavaThread "Task worker for ':' Thread 3" [_thread_blocked, id=9620, stack(0x000000002dc80000,0x000000002dd80000)]
  0x000000001e135000 JavaThread "Task worker for ':' Thread 2" [_thread_in_native, id=10736, stack(0x000000002db80000,0x000000002dc80000)]
  0x000000001e13a800 JavaThread "Task worker for ':'" [_thread_blocked, id=9256, stack(0x000000002da80000,0x000000002db80000)]
  0x000000001e133800 JavaThread "Cache worker for Build Output Cleanup Cache (C:\Users\User\Desktop\lab10\.gradle\buildOutputCleanup)" [_thread_blocked, id=10480, stack(0x000000002d980000,0x000000002da80000)]
  0x000000001e139800 JavaThread "Cache worker for task history cache (C:\Users\User\Desktop\lab10\.gradle\4.4\taskHistory)" [_thread_blocked, id=4424, stack(0x000000002d880000,0x000000002d980000)]
  0x000000001e138000 JavaThread "Cache worker for file content cache (C:\Users\User\Desktop\lab10\.gradle\4.4\fileContent)" [_thread_blocked, id=11672, stack(0x000000002d780000,0x000000002d880000)]
  0x000000001e139000 JavaThread "build operations Thread 6" [_thread_blocked, id=8880, stack(0x000000002d680000,0x000000002d780000)]
  0x000000001e137800 JavaThread "build operations Thread 5" [_thread_blocked, id=11688, stack(0x000000002d580000,0x000000002d680000)]
  0x000000001e135800 JavaThread "build operations Thread 4" [_thread_blocked, id=3796, stack(0x000000002d480000,0x000000002d580000)]
  0x000000001e12b000 JavaThread "build operations Thread 3" [_thread_blocked, id=4868, stack(0x000000002d380000,0x000000002d480000)]
  0x000000001e130800 JavaThread "build operations Thread 2" [_thread_blocked, id=11916, stack(0x000000002d280000,0x000000002d380000)]
  0x000000001e12f800 JavaThread "build operations" [_thread_blocked, id=11640, stack(0x000000002d180000,0x000000002d280000)]
  0x000000001e131000 JavaThread "Cache worker for Artifact transforms cache (C:\Users\User\.gradle\caches\transforms-1)" [_thread_blocked, id=10596, stack(0x000000002d080000,0x000000002d180000)]
  0x000000001e12c800 JavaThread "Cache worker for file hash cache (C:\Users\User\Desktop\lab10\.gradle\4.4\fileHashes)" [_thread_blocked, id=11016, stack(0x000000002cf80000,0x000000002d080000)]
  0x000000001e12f000 JavaThread "Stdin handler" [_thread_blocked, id=5028, stack(0x000000002ce80000,0x000000002cf80000)]
  0x000000001e132800 JavaThread "Asynchronous log dispatcher for DefaultDaemonConnection: socket connection from /127.0.0.1:10992 to /127.0.0.1:11103" [_thread_blocked, id=9552, stack(0x000000002cd80000,0x000000002ce80000)]
  0x000000001e132000 JavaThread "Cancel handler" [_thread_blocked, id=11512, stack(0x000000002cc80000,0x000000002cd80000)]
  0x000000001e12e000 JavaThread "Handler for socket connection from /127.0.0.1:10992 to /127.0.0.1:11103" [_thread_in_native, id=4328, stack(0x000000002cb80000,0x000000002cc80000)]
  0x000000001dc23800 JavaThread "Daemon worker Thread 2" [_thread_blocked, id=10632, stack(0x0000000028680000,0x0000000028780000)]
  0x000000001dc24000 JavaThread "Daemon Thread 2" [_thread_blocked, id=11164, stack(0x0000000028380000,0x0000000028480000)]
  0x000000001e12d800 JavaThread "Memory manager" [_thread_blocked, id=1040, stack(0x0000000021f80000,0x0000000022080000)]
  0x0000000019e1a800 JavaThread "File lock request listener" [_thread_in_native, id=5404, stack(0x000000001b3b0000,0x000000001b4b0000)]
  0x0000000019d99800 JavaThread "Cache worker for file hash cache (C:\Users\User\.gradle\caches\4.4\fileHashes)" [_thread_blocked, id=10528, stack(0x000000001b2b0000,0x000000001b3b0000)]
  0x0000000019a19800 JavaThread "Daemon periodic checks" [_thread_blocked, id=12888, stack(0x000000001a7b0000,0x000000001a8b0000)]
  0x0000000019830000 JavaThread "Incoming local TCP Connector on port 10992" [_thread_in_native, id=12068, stack(0x000000001a3c0000,0x000000001a4c0000)]
  0x0000000017fb0000 JavaThread "Service Thread" daemon [_thread_blocked, id=4664, stack(0x00000000187f0000,0x00000000188f0000)]
  0x0000000017f3c800 JavaThread "C1 CompilerThread2" daemon [_thread_blocked, id=11496, stack(0x00000000186f0000,0x00000000187f0000)]
=>0x000000001652e000 JavaThread "C2 CompilerThread1" daemon [_thread_in_native, id=12072, stack(0x00000000185f0000,0x00000000186f0000)]
  0x000000001652c000 JavaThread "C2 CompilerThread0" daemon [_thread_blocked, id=6704, stack(0x00000000184f0000,0x00000000185f0000)]
  0x0000000016521000 JavaThread "Attach Listener" daemon [_thread_blocked, id=4596, stack(0x00000000183f0000,0x00000000184f0000)]
  0x0000000016520000 JavaThread "Signal Dispatcher" daemon [_thread_blocked, id=11620, stack(0x00000000182f0000,0x00000000183f0000)]
  0x00000000164fa800 JavaThread "Finalizer" daemon [_thread_blocked, id=9580, stack(0x0000000017d90000,0x0000000017e90000)]
  0x0000000000ef4000 JavaThread "Reference Handler" daemon [_thread_blocked, id=13196, stack(0x0000000017c90000,0x0000000017d90000)]
  0x0000000000dfe000 JavaThread "main" [_thread_blocked, id=9632, stack(0x0000000002860000,0x0000000002960000)]

Other Threads:
  0x00000000164d6000 VMThread [stack: 0x0000000017b90000,0x0000000017c90000] [id=11396]
  0x0000000017fb2000 WatcherThread [stack: 0x00000000188f0000,0x00000000189f0000] [id=7400]

VM state:not at safepoint (normal execution)

VM Mutex/Monitor currently owned by a thread: None

Heap:
 PSYoungGen      total 192000K, used 54336K [0x00000000e0000000, 0x00000000ee000000, 0x0000000100000000)
  eden space 166912K, 19% used [0x00000000e0000000,0x00000000e1f64c50,0x00000000ea300000)
  from space 25088K, 88% used [0x00000000ebe00000,0x00000000ed3ab3d8,0x00000000ed680000)
  to   space 27648K, 0% used [0x00000000ea300000,0x00000000ea300000,0x00000000ebe00000)
 ParOldGen       total 153088K, used 58096K [0x00000000a0000000, 0x00000000a9580000, 0x00000000e0000000)
  object space 153088K, 37% used [0x00000000a0000000,0x00000000a38bc2c0,0x00000000a9580000)
 Metaspace       used 73653K, capacity 76644K, committed 76800K, reserved 1116160K
  class space    used 9495K, capacity 10153K, committed 10240K, reserved 1048576K

Card table byte_map: [0x0000000011d20000,0x0000000012030000] byte_map_base: 0x0000000011820000

Marking Bits: (ParMarkBitMap*) 0x0000000077f84970
 Begin Bits: [0x0000000012830000, 0x0000000014030000)
 End Bits:   [0x0000000014030000, 0x0000000015830000)

Polling page: 0x0000000000dd0000

CodeCache: size=245760Kb used=40159Kb max_used=40176Kb free=205600Kb
 bounds [0x0000000002960000, 0x00000000050d0000, 0x0000000011960000]
 total_blobs=12608 nmethods=11784 adapters=736
 compilation: enabled

Compilation events (10 events):
Event: 324.687 Thread 0x000000001652c000 14080       4       com.google.common.collect.AbstractMapBasedMultimap::put (92 bytes)
Event: 324.702 Thread 0x0000000017f3c800 14082       3       org.objectweb.asm.MethodVisitor::visitCode (15 bytes)
Event: 324.702 Thread 0x0000000017f3c800 nmethod 14082 0x00000000050c6250 code [0x00000000050c63c0, 0x00000000050c6628]
Event: 324.702 Thread 0x0000000017f3c800 14083       3       org.objectweb.asm.MethodVisitor::visitMaxs (17 bytes)
Event: 324.702 Thread 0x0000000017f3c800 nmethod 14083 0x00000000050c5d90 code [0x00000000050c5f00, 0x00000000050c6168]
Event: 324.702 Thread 0x0000000017f3c800 14084       3       org.gradle.api.internal.tasks.compile.incremental.asm.ClassDependenciesVisitor$LiteralAdapter::visitLdcInsn (14 bytes)
Event: 324.703 Thread 0x0000000017f3c800 nmethod 14084 0x00000000050c5490 code [0x00000000050c5640, 0x00000000050c5b98]
Event: 324.715 Thread 0x000000001652c000 nmethod 14080 0x00000000050c96d0 code [0x00000000050c9960, 0x00000000050cb140]
Event: 324.715 Thread 0x000000001652c000 14081       4       com.google.common.cache.LocalCache$EntryFactory$2::newEntry (12 bytes)
Event: 324.717 Thread 0x000000001652c000 nmethod 14081 0x00000000050c5110 code [0x00000000050c5260, 0x00000000050c53d8]

GC Heap History (10 events):
Event: 301.377 GC heap before
{Heap before GC invocations=19 (full 3):
 PSYoungGen      total 166400K, used 156380K [0x00000000e0000000, 0x00000000ec880000, 0x0000000100000000)
  eden space 145920K, 100% used [0x00000000e0000000,0x00000000e8e80000,0x00000000e8e80000)
  from space 20480K, 51% used [0x00000000e8e80000,0x00000000e98b7298,0x00000000ea280000)
  to   space 19968K, 0% used [0x00000000eb500000,0x00000000eb500000,0x00000000ec880000)
 ParOldGen       total 153088K, used 43291K [0x00000000a0000000, 0x00000000a9580000, 0x00000000e0000000)
  object space 153088K, 28% used [0x00000000a0000000,0x00000000a2a46cc8,0x00000000a9580000)
 Metaspace       used 66815K, capacity 69448K, committed 69632K, reserved 1110016K
  class space    used 8731K, capacity 9355K, committed 9472K, reserved 1048576K
Event: 301.389 GC heap after
Heap after GC invocations=19 (full 3):
 PSYoungGen      total 181248K, used 8321K [0x00000000e0000000, 0x00000000ec580000, 0x0000000100000000)
  eden space 164352K, 0% used [0x00000000e0000000,0x00000000e0000000,0x00000000ea080000)
  from space 16896K, 49% used [0x00000000eb500000,0x00000000ebd20400,0x00000000ec580000)
  to   space 18944K, 0% used [0x00000000ea080000,0x00000000ea080000,0x00000000eb300000)
 ParOldGen       total 153088K, used 43299K [0x00000000a0000000, 0x00000000a9580000, 0x00000000e0000000)
  object space 153088K, 28% used [0x00000000a0000000,0x00000000a2a48cc8,0x00000000a9580000)
 Metaspace       used 66815K, capacity 69448K, committed 69632K, reserved 1110016K
  class space    used 8731K, capacity 9355K, committed 9472K, reserved 1048576K
}
Event: 306.373 GC heap before
{Heap before GC invocations=20 (full 3):
 PSYoungGen      total 181248K, used 172673K [0x00000000e0000000, 0x00000000ec580000, 0x0000000100000000)
  eden space 164352K, 100% used [0x00000000e0000000,0x00000000ea080000,0x00000000ea080000)
  from space 16896K, 49% used [0x00000000eb500000,0x00000000ebd20400,0x00000000ec580000)
  to   space 18944K, 0% used [0x00000000ea080000,0x00000000ea080000,0x00000000eb300000)
 ParOldGen       total 153088K, used 43299K [0x00000000a0000000, 0x00000000a9580000, 0x00000000e0000000)
  object space 153088K, 28% used [0x00000000a0000000,0x00000000a2a48cc8,0x00000000a9580000)
 Metaspace       used 67388K, capacity 70094K, committed 70400K, reserved 1110016K
  class space    used 8784K, capacity 9414K, committed 9472K, reserved 1048576K
Event: 306.392 GC heap after
Heap after GC invocations=20 (full 3):
 PSYoungGen      total 178688K, used 18916K [0x00000000e0000000, 0x00000000ecf00000, 0x0000000100000000)
  eden space 159744K, 0% used [0x00000000e0000000,0x00000000e0000000,0x00000000e9c00000)
  from space 18944K, 99% used [0x00000000ea080000,0x00000000eb2f9300,0x00000000eb300000)
  to   space 26112K, 0% used [0x00000000eb580000,0x00000000eb580000,0x00000000ecf00000)
 ParOldGen       total 153088K, used 55007K [0x00000000a0000000, 0x00000000a9580000, 0x00000000e0000000)
  object space 153088K, 35% used [0x00000000a0000000,0x00000000a35b7f80,0x00000000a9580000)
 Metaspace       used 67388K, capacity 70094K, committed 70400K, reserved 1110016K
  class space    used 8784K, capacity 9414K, committed 9472K, reserved 1048576K
}
Event: 321.314 GC heap before
{Heap before GC invocations=21 (full 3):
 PSYoungGen      total 178688K, used 178660K [0x00000000e0000000, 0x00000000ecf00000, 0x0000000100000000)
  eden space 159744K, 100% used [0x00000000e0000000,0x00000000e9c00000,0x00000000e9c00000)
  from space 18944K, 99% used [0x00000000ea080000,0x00000000eb2f9300,0x00000000eb300000)
  to   space 26112K, 0% used [0x00000000eb580000,0x00000000eb580000,0x00000000ecf00000)
 ParOldGen       total 153088K, used 55007K [0x00000000a0000000, 0x00000000a9580000, 0x00000000e0000000)
  object space 153088K, 35% used [0x00000000a0000000,0x00000000a35b7f80,0x00000000a9580000)
 Metaspace       used 68270K, capacity 71314K, committed 71552K, reserved 1112064K
  class space    used 8894K, capacity 9570K, committed 9600K, reserved 1048576K
Event: 321.334 GC heap after
Heap after GC invocations=21 (full 3):
 PSYoungGen      total 175616K, used 15072K [0x00000000e0000000, 0x00000000ec980000, 0x0000000100000000)
  eden space 155136K, 0% used [0x00000000e0000000,0x00000000e0000000,0x00000000e9780000)
  from space 20480K, 73% used [0x00000000eb580000,0x00000000ec438070,0x00000000ec980000)
  to   space 25600K, 0% used [0x00000000e9780000,0x00000000e9780000,0x00000000eb080000)
 ParOldGen       total 153088K, used 58088K [0x00000000a0000000, 0x00000000a9580000, 0x00000000e0000000)
  object space 153088K, 37% used [0x00000000a0000000,0x00000000a38ba2c0,0x00000000a9580000)
 Metaspace       used 68270K, capacity 71314K, committed 71552K, reserved 1112064K
  class space    used 8894K, capacity 9570K, committed 9600K, reserved 1048576K
}
Event: 322.135 GC heap before
{Heap before GC invocations=22 (full 3):
 PSYoungGen      total 175616K, used 170208K [0x00000000e0000000, 0x00000000ec980000, 0x0000000100000000)
  eden space 155136K, 100% used [0x00000000e0000000,0x00000000e9780000,0x00000000e9780000)
  from space 20480K, 73% used [0x00000000eb580000,0x00000000ec438070,0x00000000ec980000)
  to   space 25600K, 0% used [0x00000000e9780000,0x00000000e9780000,0x00000000eb080000)
 ParOldGen       total 153088K, used 58088K [0x00000000a0000000, 0x00000000a9580000, 0x00000000e0000000)
  object space 153088K, 37% used [0x00000000a0000000,0x00000000a38ba2c0,0x00000000a9580000)
 Metaspace       used 68468K, capacity 71456K, committed 71552K, reserved 1112064K
  class space    used 8917K, capacity 9573K, committed 9600K, reserved 1048576K
Event: 322.150 GC heap after
Heap after GC invocations=22 (full 3):
 PSYoungGen      total 180736K, used 14608K [0x00000000e0000000, 0x00000000ed680000, 0x0000000100000000)
  eden space 155136K, 0% used [0x00000000e0000000,0x00000000e0000000,0x00000000e9780000)
  from space 25600K, 57% used [0x00000000e9780000,0x00000000ea5c4060,0x00000000eb080000)
  to   space 25088K, 0% used [0x00000000ebe00000,0x00000000ebe00000,0x00000000ed680000)
 ParOldGen       total 153088K, used 58096K [0x00000000a0000000, 0x00000000a9580000, 0x00000000e0000000)
  object space 153088K, 37% used [0x00000000a0000000,0x00000000a38bc2c0,0x00000000a9580000)
 Metaspace       used 68468K, capacity 71456K, committed 71552K, reserved 1112064K
  class space    used 8917K, capacity 9573K, committed 9600K, reserved 1048576K
}
Event: 323.370 GC heap before
{Heap before GC invocations=23 (full 3):
 PSYoungGen      total 180736K, used 169744K [0x00000000e0000000, 0x00000000ed680000, 0x0000000100000000)
  eden space 155136K, 100% used [0x00000000e0000000,0x00000000e9780000,0x00000000e9780000)
  from space 25600K, 57% used [0x00000000e9780000,0x00000000ea5c4060,0x00000000eb080000)
  to   space 25088K, 0% used [0x00000000ebe00000,0x00000000ebe00000,0x00000000ed680000)
 ParOldGen       total 153088K, used 58096K [0x00000000a0000000, 0x00000000a9580000, 0x00000000e0000000)
  object space 153088K, 37% used [0x00000000a0000000,0x00000000a38bc2c0,0x00000000a9580000)
 Metaspace       used 72356K, capacity 75300K, committed 75392K, reserved 1114112K
  class space    used 9416K, capacity 10089K, committed 10112K, reserved 1048576K
Event: 323.402 GC heap after
Heap after GC invocations=23 (full 3):
 PSYoungGen      total 192000K, used 22188K [0x00000000e0000000, 0x00000000ee000000, 0x0000000100000000)
  eden space 166912K, 0% used [0x00000000e0000000,0x00000000e0000000,0x00000000ea300000)
  from space 25088K, 88% used [0x00000000ebe00000,0x00000000ed3ab3d8,0x00000000ed680000)
  to   space 27648K, 0% used [0x00000000ea300000,0x00000000ea300000,0x00000000ebe00000)
 ParOldGen       total 153088K, used 58096K [0x00000000a0000000, 0x00000000a9580000, 0x00000000e0000000)
  object space 153088K, 37% used [0x00000000a0000000,0x00000000a38bc2c0,0x00000000a9580000)
 Metaspace       used 72356K, capacity 75300K, committed 75392K, reserved 1114112K
  class space    used 9416K, capacity 10089K, committed 10112K, reserved 1048576K
}

Deoptimization events (10 events):
Event: 324.481 Thread 0x000000001e135000 Uncommon trap: reason=class_check action=maybe_recompile pc=0x0000000004faa4b8 method=com.sun.tools.javac.comp.Attr.attribLazyConstantValue(Lcom/sun/tools/javac/comp/Env;Lcom/sun/tools/javac/tree/JCTree$JCVariableDecl;Lcom/sun/tools/javac/code/Type;)Ljava
Event: 324.481 Thread 0x000000001e135000 Uncommon trap: reason=class_check action=maybe_recompile pc=0x0000000004faa4b8 method=com.sun.tools.javac.comp.Attr.attribLazyConstantValue(Lcom/sun/tools/javac/comp/Env;Lcom/sun/tools/javac/tree/JCTree$JCVariableDecl;Lcom/sun/tools/javac/code/Type;)Ljava
Event: 324.481 Thread 0x000000001e135000 Uncommon trap: reason=unstable_if action=reinterpret pc=0x00000000050745fc method=com.sun.tools.javac.jvm.Gen.checkStringConstant(Lcom/sun/tools/javac/util/JCDiagnostic$DiagnosticPosition;Ljava/lang/Object;)V @ 15
Event: 324.508 Thread 0x000000001e135000 Uncommon trap: reason=unstable_if action=reinterpret pc=0x00000000040aaa54 method=org.objectweb.asm.MethodVisitor.visitCode()V @ 4
Event: 324.508 Thread 0x000000001e135000 Uncommon trap: reason=unstable_if action=reinterpret pc=0x000000000420c61c method=org.objectweb.asm.MethodVisitor.visitMaxs(II)V @ 4
Event: 324.508 Thread 0x000000001e135000 Uncommon trap: reason=unstable_if action=reinterpret pc=0x0000000003ef4554 method=org.objectweb.asm.MethodVisitor.visitEnd()V @ 4
Event: 324.526 Thread 0x000000001e135000 Uncommon trap: reason=class_check action=maybe_recompile pc=0x0000000004dc58dc method=org.objectweb.asm.ClassReader.readField(Lorg/objectweb/asm/ClassVisitor;Lorg/objectweb/asm/Context;I)I @ 341
Event: 324.526 Thread 0x000000001e135000 Uncommon trap: reason=class_check action=maybe_recompile pc=0x0000000004dc58dc method=org.objectweb.asm.ClassReader.readField(Lorg/objectweb/asm/ClassVisitor;Lorg/objectweb/asm/Context;I)I @ 341
Event: 324.526 Thread 0x000000001e135000 Uncommon trap: reason=class_check action=maybe_recompile pc=0x0000000004dc58dc method=org.objectweb.asm.ClassReader.readField(Lorg/objectweb/asm/ClassVisitor;Lorg/objectweb/asm/Context;I)I @ 341
Event: 324.526 Thread 0x000000001e135000 Uncommon trap: reason=class_check action=maybe_recompile pc=0x0000000004dc58dc method=org.objectweb.asm.ClassReader.readField(Lorg/objectweb/asm/ClassVisitor;Lorg/objectweb/asm/Context;I)I @ 341

Classes redefined (0 events):
No events

Internal exceptions (10 events):
Event: 306.871 Thread 0x000000001dc25800 Implicit null exception at 0x00000000048d141c to 0x00000000048d17db
Event: 307.198 Thread 0x000000001e12b000 Implicit null exception at 0x00000000037541c8 to 0x0000000003754725
Event: 308.153 Thread 0x000000001dc23800 Implicit null exception at 0x000000000354ffc6 to 0x0000000003550071
Event: 318.068 Thread 0x000000001dc23800 Exception <a 'java/lang/NoSuchMethodError': <clinit>> (0x00000000e4012968) thrown at [D:\src\AOSP-openjdk-cygwin\jdk8u\hotspot\src\share\vm\prims\jni.cpp, line 1613]
Event: 318.081 Thread 0x000000001dc23800 Exception <a 'java/lang/NoSuchMethodError': <clinit>> (0x00000000e405c338) thrown at [D:\src\AOSP-openjdk-cygwin\jdk8u\hotspot\src\share\vm\prims\jni.cpp, line 1613]
Event: 318.082 Thread 0x000000001dc23800 Exception <a 'java/lang/NoSuchMethodError': <clinit>> (0x00000000e40a0130) thrown at [D:\src\AOSP-openjdk-cygwin\jdk8u\hotspot\src\share\vm\prims\jni.cpp, line 1613]
Event: 318.089 Thread 0x000000001dc23800 Exception <a 'java/lang/NoSuchMethodError': <clinit>> (0x00000000e410b5c8) thrown at [D:\src\AOSP-openjdk-cygwin\jdk8u\hotspot\src\share\vm\prims\jni.cpp, line 1613]
Event: 318.089 Thread 0x000000001dc23800 Exception <a 'java/lang/NoSuchMethodError': <clinit>> (0x00000000e410f220) thrown at [D:\src\AOSP-openjdk-cygwin\jdk8u\hotspot\src\share\vm\prims\jni.cpp, line 1613]
Event: 318.089 Thread 0x000000001dc23800 Exception <a 'java/lang/NoSuchMethodError': <clinit>> (0x00000000e4110d28) thrown at [D:\src\AOSP-openjdk-cygwin\jdk8u\hotspot\src\share\vm\prims\jni.cpp, line 1613]
Event: 318.228 Thread 0x000000001dc23800 Exception <a 'sun/nio/fs/WindowsException'> (0x00000000e491c428) thrown at [D:\src\AOSP-openjdk-cygwin\jdk8u\hotspot\src\share\vm\prims\jni.cpp, line 709]

Events (10 events):
Event: 324.526 Thread 0x000000001e135000 DEOPT UNPACKING pc=0x00000000029a557b sp=0x000000002dc7c8e0 mode 2
Event: 324.526 Thread 0x000000001e135000 Uncommon trap: trap_request=0xffffffde fr.pc=0x0000000004dc58dc
Event: 324.526 Thread 0x000000001e135000 DEOPT PACKING pc=0x0000000004dc58dc sp=0x000000002dc7c900
Event: 324.526 Thread 0x000000001e135000 DEOPT UNPACKING pc=0x00000000029a557b sp=0x000000002dc7c8e0 mode 2
Event: 324.526 Thread 0x000000001e135000 Uncommon trap: trap_request=0xffffffde fr.pc=0x0000000004dc58dc
Event: 324.526 Thread 0x000000001e135000 DEOPT PACKING pc=0x0000000004dc58dc sp=0x000000002dc7c900
Event: 324.526 Thread 0x000000001e135000 DEOPT UNPACKING pc=0x00000000029a557b sp=0x000000002dc7c8e0 mode 2
Event: 324.526 Thread 0x000000001e135000 Uncommon trap: trap_request=0xffffffde fr.pc=0x0000000004dc58dc
Event: 324.526 Thread 0x000000001e135000 DEOPT PACKING pc=0x0000000004dc58dc sp=0x000000002dc7c900
Event: 324.526 Thread 0x000000001e135000 DEOPT UNPACKING pc=0x00000000029a557b sp=0x000000002dc7c8e0 mode 2


Dynamic libraries:
0x00007ff7d3fb0000 - 0x00007ff7d3fe1000 	C:\Program Files\Android\Android Studio\jre\bin\java.exe
0x00007ffb39300000 - 0x00007ffb394d0000 	C:\windows\SYSTEM32\ntdll.dll
0x00007ffb39100000 - 0x00007ffb391ac000 	C:\windows\System32\KERNEL32.DLL
0x00007ffb35990000 - 0x00007ffb35bad000 	C:\windows\System32\KERNELBASE.dll
0x00000000511a0000 - 0x0000000051235000 	C:\windows\System32\SYSFER.DLL
0x00007ffb391b0000 - 0x00007ffb39252000 	C:\windows\System32\ADVAPI32.dll
0x00007ffb36890000 - 0x00007ffb3692e000 	C:\windows\System32\msvcrt.dll
0x00007ffb36930000 - 0x00007ffb36989000 	C:\windows\System32\sechost.dll
0x00007ffb38f70000 - 0x00007ffb39091000 	C:\windows\System32\RPCRT4.dll
0x00007ffb38d00000 - 0x00007ffb38e65000 	C:\windows\System32\USER32.dll
0x00007ffb36650000 - 0x00007ffb3666e000 	C:\windows\System32\win32u.dll
0x00007ffb38720000 - 0x00007ffb38754000 	C:\windows\System32\GDI32.dll
0x00007ffb35d80000 - 0x00007ffb35f01000 	C:\windows\System32\gdi32full.dll
0x00007ffb281f0000 - 0x00007ffb2846a000 	C:\windows\WinSxS\amd64_microsoft.windows.common-controls_6595b64144ccf1df_6.0.14393.2273_none_7de240fc83403786\COMCTL32.dll
0x00007ffb38450000 - 0x00007ffb38718000 	C:\windows\System32\combase.dll
0x00007ffb357f0000 - 0x00007ffb358e5000 	C:\windows\System32\ucrtbase.dll
0x00007ffb36670000 - 0x00007ffb366da000 	C:\windows\System32\bcryptPrimitives.dll
0x00007ffb38cd0000 - 0x00007ffb38cfe000 	C:\windows\System32\IMM32.DLL
0x0000000050000000 - 0x00000000500d2000 	C:\Program Files\Android\Android Studio\jre\jre\bin\msvcr100.dll
0x00000000777c0000 - 0x0000000077fff000 	C:\Program Files\Android\Android Studio\jre\jre\bin\server\jvm.dll
0x00007ffb369f0000 - 0x00007ffb369f8000 	C:\windows\System32\PSAPI.DLL
0x00007ffb32800000 - 0x00007ffb32809000 	C:\windows\SYSTEM32\WSOCK32.dll
0x00007ffb39280000 - 0x00007ffb392ea000 	C:\windows\System32\WS2_32.dll
0x00007ffb33ad0000 - 0x00007ffb33af3000 	C:\windows\SYSTEM32\WINMM.dll
0x00007ffb34a70000 - 0x00007ffb34a7a000 	C:\windows\SYSTEM32\VERSION.dll
0x00007ffb33920000 - 0x00007ffb3394b000 	C:\windows\SYSTEM32\WINMMBASE.dll
0x00007ffb366e0000 - 0x00007ffb36722000 	C:\windows\System32\cfgmgr32.dll
0x00007ffb327f0000 - 0x00007ffb327ff000 	C:\Program Files\Android\Android Studio\jre\jre\bin\verify.dll
0x00007ffb31010000 - 0x00007ffb31039000 	C:\Program Files\Android\Android Studio\jre\jre\bin\java.dll
0x00007ffb2aad0000 - 0x00007ffb2aae6000 	C:\Program Files\Android\Android Studio\jre\jre\bin\zip.dll
0x00007ffb36dc0000 - 0x00007ffb382c5000 	C:\windows\System32\SHELL32.dll
0x00007ffb35f70000 - 0x00007ffb36649000 	C:\windows\System32\windows.storage.dll
0x00007ffb35790000 - 0x00007ffb357dc000 	C:\windows\System32\powrprof.dll
0x00007ffb390a0000 - 0x00007ffb390f2000 	C:\windows\System32\shlwapi.dll
0x00007ffb357e0000 - 0x00007ffb357ef000 	C:\windows\System32\kernel.appcore.dll
0x00007ffb367e0000 - 0x00007ffb36889000 	C:\windows\System32\shcore.dll
0x00007ffb35760000 - 0x00007ffb35774000 	C:\windows\System32\profapi.dll
0x00007ffb29530000 - 0x00007ffb2954a000 	C:\Program Files\Android\Android Studio\jre\jre\bin\net.dll
0x00007ffb35030000 - 0x00007ffb3508c000 	C:\windows\system32\mswsock.dll
0x00007ffb271c0000 - 0x00007ffb271d1000 	C:\Program Files\Android\Android Studio\jre\jre\bin\nio.dll
0x00007ffb2bb70000 - 0x00007ffb2bb8e000 	C:\Users\User\.gradle\native\25\windows-amd64\native-platform.dll
0x00007ffb327e0000 - 0x00007ffb327ed000 	C:\Program Files\Android\Android Studio\jre\jre\bin\management.dll
0x00007ffb351d0000 - 0x00007ffb351e7000 	C:\windows\SYSTEM32\CRYPTSP.dll
0x00007ffb34c30000 - 0x00007ffb34c63000 	C:\windows\system32\rsaenh.dll
0x00007ffb356a0000 - 0x00007ffb356cb000 	C:\windows\SYSTEM32\bcrypt.dll
0x00007ffb34eb0000 - 0x00007ffb34ecf000 	C:\windows\SYSTEM32\USERENV.dll
0x00007ffb351f0000 - 0x00007ffb351fb000 	C:\windows\SYSTEM32\CRYPTBASE.dll
0x00007ffb34db0000 - 0x00007ffb34de8000 	C:\windows\SYSTEM32\IPHLPAPI.DLL
0x00007ffb383d0000 - 0x00007ffb383d8000 	C:\windows\System32\NSI.dll
0x00007ffb312c0000 - 0x00007ffb312d6000 	C:\windows\SYSTEM32\dhcpcsvc6.DLL
0x00007ffb31800000 - 0x00007ffb3181a000 	C:\windows\SYSTEM32\dhcpcsvc.DLL

VM Arguments:
jvm_args: -Xmx1536m -Dfile.encoding=x-windows-950 -Duser.country=TW -Duser.language=zh -Duser.variant 
java_command: org.gradle.launcher.daemon.bootstrap.GradleDaemon 4.4
java_class_path (initial): C:\Users\User\.gradle\wrapper\dists\gradle-4.4-all\9br9xq1tocpiv8o6njlyu5op1\gradle-4.4\lib\gradle-launcher-4.4.jar
Launcher Type: SUN_STANDARD

Environment Variables:
PATH=C:\Program Files (x86)\Common Files\Oracle\Java\javapath;C:\Program Files (x86)\Intel\Intel(R) Management Engine Components\iCLS\;C:\Program Files\Intel\Intel(R) Management Engine Components\iCLS\;C:\ProgramData\Oracle\Java\javapath;C:\PROGRA~2\Borland\CBUILD~1\Projects\Bpl;C:\PROGRA~2\Borland\CBUILD~1\Bin;C:\windows\system32;C:\windows;C:\windows\System32\Wbem;"C:\Program Files\Java\jdk-10.0.2\bin";C:\Program Files\dotnet\;C:\Program Files (x86)\Common Files\Ulead Systems\MPEG;C:\Program Files (x86)\Common Files\Ulead Systems\DVD;C:\Program Files (x86)\Intel\Intel(R) Management Engine Components\DAL;C:\Program Files\Intel\Intel(R) Management Engine Components\DAL;C:\Program Files (x86)\Intel\Intel(R) Management Engine Components\IPT;C:\Program Files\Intel\Intel(R) Management Engine Components\IPT;C:\Program Files\MATLAB\R2017b\runtime\win64;C:\Program Files\MATLAB\R2017b\bin;C:\Program Files (x86)\Microsoft SQL Server\110\Tools\Binn\;C:\Program Files\Microsoft SQL Server\110\Tools\Binn\;C:\Program Files\Microsoft SQL Server\110\DTS\Binn\;C:\Program Files (x86)\Common Files\AspenTech Shared\;C:\Program Files\Git\cmd;C:\Program Files\Microsoft SQL Server\130\Tools\Binn\;C:\Users\User\AppData\Local\Microsoft\WindowsApps;AspenTech\Aspen Hydraulics;C:\Program Files (x86)\g95\bin
USERNAME=User
OS=Windows_NT
PROCESSOR_IDENTIFIER=Intel64 Family 6 Model 158 Stepping 10, GenuineIntel



---------------  S Y S T E M  ---------------

OS: Windows 10.0 , 64 bit Build 14393 (10.0.14393.2214)

CPU:total 6 (initial active 6) (6 cores per cpu, 1 threads per core) family 6 model 158 stepping 10, cmov, cx8, fxsr, mmx, sse, sse2, sse3, ssse3, sse4.1, sse4.2, popcnt, avx, avx2, clmul, erms, rtm, 3dnowpref, lzcnt, tsc, tscinvbit, bmi1, bmi2, adx

Memory: 4k page, physical 8267268k(1731072k free), swap 10364420k(4420k free)

vm_info: OpenJDK 64-Bit Server VM (25.152-b02) for windows-amd64 JRE (1.8.0_152-release-1024-b02), built by "builder" with MS VC++ 10.0 (VS2010)

time: Thu Nov 29 14:38:49 2018
elapsed time: 324 seconds (0d 0h 5m 24s)

